<?xml version="1.0" encoding="UTF-8"?>
<!-- Generated by org.testng.reporters.JUnitXMLReporter -->
<testsuite ignored="0" hostname="JAGADEESH" failures="0" tests="7" name="my tests" time="36.852" errors="0" timestamp="2024-08-09T23:09:51 IST">
  <testcase classname="day42.OrangeHRM" name="openurl" time="30.18"/>
  <testcase classname="day42.OrangeHRM" name="logo" time="2.705"/>
  <testcase classname="day42.OrangeHRM" name="login" time="1.793"/>
  <testcase classname="day42.OrangeHRM" name="close" time="2.039"/>
  <testcase classname="day42.FirstTestCase" name="openapp" time="0.004"/>
  <testcase classname="day42.FirstTestCase" name="login" time="0.003"/>
  <testcase classname="day42.FirstTestCase" name="logout" time="0.003"/>
</testsuite> <!-- my tests -->
