<?xml version="1.0" encoding="UTF-8"?>
<!-- Generated by org.testng.reporters.JUnitXMLReporter -->
<testsuite ignored="0" hostname="JAGADEESH" failures="0" tests="8" name="groupingtest" time="0.187" errors="0" timestamp="2024-11-15T14:34:23 IST">
  <testcase classname="Day44.LoginTestbyGrouping" name="loginbyemail" time="0.019"/>
  <testcase classname="Day44.LoginTestbyGrouping" name="loginbyfacebook" time="0.005"/>
  <testcase classname="Day44.LoginTestbyGrouping" name="loginbytwiter" time="0.009"/>
  <testcase classname="Day44.SingUpTestByGrouping" name="singupByemail" time="0.004"/>
  <testcase classname="Day44.SingUpTestByGrouping" name="singupByfacebook" time="0.007"/>
  <testcase classname="Day44.SingUpTestByGrouping" name="singupBytwiter" time="0.005"/>
  <testcase classname="Day44.PaymentTestByGrouping" name="paymentByrupee" time="0.006"/>
  <testcase classname="Day44.PaymentTestByGrouping" name="paymentByDoller" time="0.004"/>
</testsuite> <!-- groupingtest -->
