<?xml version="1.0" encoding="UTF-8"?>
<!-- Generated by org.testng.reporters.JUnitXMLReporter -->
<testsuite ignored="0" hostname="JAGADEESH" failures="1" tests="3" name="Test" time="29.291" errors="0" timestamp="2024-11-15T16:00:10 IST">
  <testcase classname="day45.ParellelTest" name="testurl" time="0.033"/>
  <testcase classname="day45.ParellelTest" name="testlogo" time="3.681">
    <failure type="java.lang.AssertionError" message="expected [true] but found [false]">
      <![CDATA[java.lang.AssertionError: expected [true] but found [false]
at day45.ParellelTest.testlogo(ParellelTest.java:36)
at java.base/java.util.ArrayList.forEach(ArrayList.java:1597)
at java.base/java.util.concurrent.FutureTask.run(FutureTask.java:317)
at java.base/java.util.concurrent.ThreadPoolExecutor.runWorker(ThreadPoolExecutor.java:1144)
at java.base/java.util.concurrent.ThreadPoolExecutor$Worker.run(ThreadPoolExecutor.java:642)
at java.base/java.lang.Thread.run(Thread.java:1570)
... Removed 22 stack frames]]>
    </failure>
  </testcase> <!-- testlogo -->
  <testcase classname="day45.ParellelTest" name="testtitle" time="0.021"/>
</testsuite> <!-- Test -->
